<?xml version="1.0" encoding="UTF-8"?>
<!-- Generated by org.testng.reporters.JUnitReportReporter -->
<testsuite hostname="Rudra" failures="0" tests="1" name="com.appium.tests.LoginTests" time="50.587" errors="0" timestamp="2024-02-02T12:11:16 IST" skipped="0">
  <testcase classname="com.appium.tests.LoginTests" name="successfulLogin" time="50.587"/>
  <system-out/>
</testsuite> <!-- com.appium.tests.LoginTests -->
