<?xml version="1.0" encoding="UTF-8"?>
<!-- Generated by org.testng.reporters.JUnitReportReporter -->
<testsuite skipped="0" hostname="Rudra-Heart" name="com.appium.tests.LoginTests" tests="3" failures="0" timestamp="2023-06-01T10:11:14 IST" time="21.935" errors="0">
  <testcase name="invalidUserName" time="5.322" classname="com.appium.tests.LoginTests"/>
  <system-out/>
  <testcase name="invalidPassword" time="8.885" classname="com.appium.tests.LoginTests"/>
  <system-out/>
  <testcase name="successfulLogin" time="7.728" classname="com.appium.tests.LoginTests"/>
  <system-out/>
</testsuite> <!-- com.appium.tests.LoginTests -->
