<?xml version="1.0" encoding="UTF-8"?>
<!-- Generated by org.testng.reporters.JUnitReportReporter -->
<testsuite hostname="Rudra" failures="0" tests="1" name="com.appium.tests.LoginTests" time="13.020" errors="0" timestamp="2023-10-13T17:35:01 IST" skipped="0">
  <testcase classname="com.appium.tests.LoginTests" name="successfulLogin" time="13.020"/>
  <system-out/>
</testsuite> <!-- com.appium.tests.LoginTests -->
