<?xml version="1.0" encoding="UTF-8"?>
<!-- Generated by org.testng.reporters.JUnitReportReporter -->
<testsuite hostname="Rudra" failures="0" tests="5" name="com.appium.tests.HomeTests" time="240.096" errors="0" timestamp="2024-01-08T20:15:30 IST" skipped="0">
  <testcase classname="com.appium.tests.HomeTests" name="allTestCasesRelated_HomepageTestcases" time="70.597"/>
  <system-out/>
  <testcase classname="com.appium.tests.HomeTests" name="allTestCasesRelated_ShopSectionTestcases" time="34.791"/>
  <system-out/>
  <testcase classname="com.appium.tests.HomeTests" name="allestasesRelated_newsSectionTestcases" time="7.587"/>
  <system-out/>
  <testcase classname="com.appium.tests.HomeTests" name="allTestCasesRelated_NewCoinsInDatabaseSection" time="59.146"/>
  <system-out/>
  <testcase classname="com.appium.tests.HomeTests" name="allTestCasesRelated_exploreCoiniverseMemberMintsSectionTestcases" time="67.975"/>
  <system-out/>
</testsuite> <!-- com.appium.tests.HomeTests -->
